[2019-04-20 08:27:37] Текст ошибки Соединение не установлено с БД | Файл: C:\OSPanel\domains\ishop\vendor\ishop\core\Db.php | Строка: 22 
====================
[2019-04-21 11:05:16] Текст ошибки Соединение не установлено с БД | Файл: C:\OSPanel\domains\ishop\vendor\ishop\core\Db.php | Строка: 22 
====================
[2019-04-21 11:05:17] Текст ошибки Соединение не установлено с БД | Файл: C:\OSPanel\domains\ishop\vendor\ishop\core\Db.php | Строка: 22 
====================
[2019-04-21 11:05:17] Текст ошибки Страница не найдено! | Файл: C:\OSPanel\domains\ishop\vendor\ishop\core\Router.php | Строка: 38 
====================
[2019-04-21 11:05:44] Текст ошибки SQLSTATE[42S02]: Base table or view not found: 1146 Table 'ishop.posts' doesn't exist | Файл: C:\OSPanel\domains\ishop\vendor\gabordemooij\redbean\RedBeanPHP\Driver\RPDO.php | Строка: 194 
====================
[2019-04-21 11:05:45] Текст ошибки SQLSTATE[42S02]: Base table or view not found: 1146 Table 'ishop.posts' doesn't exist | Файл: C:\OSPanel\domains\ishop\vendor\gabordemooij\redbean\RedBeanPHP\Driver\RPDO.php | Строка: 194 
====================
[2019-04-21 11:05:45] Текст ошибки SQLSTATE[42S02]: Base table or view not found: 1146 Table 'ishop.posts' doesn't exist | Файл: C:\OSPanel\domains\ishop\vendor\gabordemooij\redbean\RedBeanPHP\Driver\RPDO.php | Строка: 194 
====================
[2019-04-21 11:05:45] Текст ошибки SQLSTATE[42S02]: Base table or view not found: 1146 Table 'ishop.posts' doesn't exist | Файл: C:\OSPanel\domains\ishop\vendor\gabordemooij\redbean\RedBeanPHP\Driver\RPDO.php | Строка: 194 
====================
[2019-04-21 11:32:33] Текст ошибки syntax error, unexpected end of file | Файл: C:\OSPanel\domains\ishop\app\views\Main\index.php | Строка: 1 
====================
[2019-04-21 11:32:33] Текст ошибки syntax error, unexpected end of file | Файл: C:\OSPanel\domains\ishop\app\views\Main\index.php | Строка: 1 
====================
[2019-04-21 11:32:33] Текст ошибки syntax error, unexpected end of file | Файл: C:\OSPanel\domains\ishop\app\views\Main\index.php | Строка: 1 
====================
[2019-04-21 11:33:04] Текст ошибки Страница не найдено! | Файл: C:\OSPanel\domains\ishop\vendor\ishop\core\Router.php | Строка: 38 
====================
[2019-04-21 11:33:04] Текст ошибки Страница не найдено! | Файл: C:\OSPanel\domains\ishop\vendor\ishop\core\Router.php | Строка: 38 
====================
[2019-04-21 11:33:04] Текст ошибки Страница не найдено! | Файл: C:\OSPanel\domains\ishop\vendor\ishop\core\Router.php | Строка: 38 
====================
[2019-04-21 11:33:04] Текст ошибки Страница не найдено! | Файл: C:\OSPanel\domains\ishop\vendor\ishop\core\Router.php | Строка: 38 
====================
[2019-04-21 11:33:04] Текст ошибки Страница не найдено! | Файл: C:\OSPanel\domains\ishop\vendor\ishop\core\Router.php | Строка: 38 
====================
[2019-04-21 11:33:04] Текст ошибки Страница не найдено! | Файл: C:\OSPanel\domains\ishop\vendor\ishop\core\Router.php | Строка: 38 
====================
[2019-04-21 11:33:04] Текст ошибки Страница не найдено! | Файл: C:\OSPanel\domains\ishop\vendor\ishop\core\Router.php | Строка: 38 
====================
[2019-04-21 11:33:04] Текст ошибки Страница не найдено! | Файл: C:\OSPanel\domains\ishop\vendor\ishop\core\Router.php | Строка: 38 
====================
[2019-04-21 11:33:04] Текст ошибки Страница не найдено! | Файл: C:\OSPanel\domains\ishop\vendor\ishop\core\Router.php | Строка: 38 
====================
[2019-04-21 11:33:04] Текст ошибки Страница не найдено! | Файл: C:\OSPanel\domains\ishop\vendor\ishop\core\Router.php | Строка: 38 
====================
[2019-04-21 11:33:04] Текст ошибки Страница не найдено! | Файл: C:\OSPanel\domains\ishop\vendor\ishop\core\Router.php | Строка: 38 
====================
[2019-04-21 11:33:04] Текст ошибки Страница не найдено! | Файл: C:\OSPanel\domains\ishop\vendor\ishop\core\Router.php | Строка: 38 
====================
[2019-04-21 11:33:04] Текст ошибки Страница не найдено! | Файл: C:\OSPanel\domains\ishop\vendor\ishop\core\Router.php | Строка: 38 
====================
[2019-04-21 11:33:04] Текст ошибки Страница не найдено! | Файл: C:\OSPanel\domains\ishop\vendor\ishop\core\Router.php | Строка: 38 
====================
[2019-04-21 11:33:04] Текст ошибки Страница не найдено! | Файл: C:\OSPanel\domains\ishop\vendor\ishop\core\Router.php | Строка: 38 
====================
[2019-04-21 11:33:04] Текст ошибки Страница не найдено! | Файл: C:\OSPanel\domains\ishop\vendor\ishop\core\Router.php | Строка: 38 
====================
[2019-04-21 11:33:04] Текст ошибки Страница не найдено! | Файл: C:\OSPanel\domains\ishop\vendor\ishop\core\Router.php | Строка: 38 
====================
[2019-04-21 11:33:04] Текст ошибки Страница не найдено! | Файл: C:\OSPanel\domains\ishop\vendor\ishop\core\Router.php | Строка: 38 
====================
[2019-04-21 11:33:04] Текст ошибки Страница не найдено! | Файл: C:\OSPanel\domains\ishop\vendor\ishop\core\Router.php | Строка: 38 
====================
[2019-04-21 11:33:04] Текст ошибки Страница не найдено! | Файл: C:\OSPanel\domains\ishop\vendor\ishop\core\Router.php | Строка: 38 
====================
[2019-04-21 11:33:04] Текст ошибки Страница не найдено! | Файл: C:\OSPanel\domains\ishop\vendor\ishop\core\Router.php | Строка: 38 
====================
[2019-04-21 11:33:05] Текст ошибки Страница не найдено! | Файл: C:\OSPanel\domains\ishop\vendor\ishop\core\Router.php | Строка: 38 
====================
[2019-04-21 11:33:05] Текст ошибки Страница не найдено! | Файл: C:\OSPanel\domains\ishop\vendor\ishop\core\Router.php | Строка: 38 
====================
[2019-04-21 11:33:05] Текст ошибки Страница не найдено! | Файл: C:\OSPanel\domains\ishop\vendor\ishop\core\Router.php | Строка: 38 
====================
[2019-04-21 11:33:05] Текст ошибки Страница не найдено! | Файл: C:\OSPanel\domains\ishop\vendor\ishop\core\Router.php | Строка: 38 
====================
[2019-04-21 11:33:05] Текст ошибки Страница не найдено! | Файл: C:\OSPanel\domains\ishop\vendor\ishop\core\Router.php | Строка: 38 
====================
[2019-04-21 11:33:05] Текст ошибки Страница не найдено! | Файл: C:\OSPanel\domains\ishop\vendor\ishop\core\Router.php | Строка: 38 
====================
[2019-04-21 11:33:05] Текст ошибки Страница не найдено! | Файл: C:\OSPanel\domains\ishop\vendor\ishop\core\Router.php | Строка: 38 
====================
[2019-04-21 11:33:05] Текст ошибки Страница не найдено! | Файл: C:\OSPanel\domains\ishop\vendor\ishop\core\Router.php | Строка: 38 
====================
[2019-04-21 11:33:17] Текст ошибки Страница не найдено! | Файл: C:\OSPanel\domains\ishop\vendor\ishop\core\Router.php | Строка: 38 
====================
[2019-04-21 11:33:17] Текст ошибки Страница не найдено! | Файл: C:\OSPanel\domains\ishop\vendor\ishop\core\Router.php | Строка: 38 
====================
[2019-04-21 11:33:17] Текст ошибки Страница не найдено! | Файл: C:\OSPanel\domains\ishop\vendor\ishop\core\Router.php | Строка: 38 
====================
[2019-04-21 11:33:17] Текст ошибки Страница не найдено! | Файл: C:\OSPanel\domains\ishop\vendor\ishop\core\Router.php | Строка: 38 
====================
[2019-04-21 11:33:17] Текст ошибки Страница не найдено! | Файл: C:\OSPanel\domains\ishop\vendor\ishop\core\Router.php | Строка: 38 
====================
[2019-04-21 11:33:17] Текст ошибки Страница не найдено! | Файл: C:\OSPanel\domains\ishop\vendor\ishop\core\Router.php | Строка: 38 
====================
[2019-04-21 11:33:17] Текст ошибки Страница не найдено! | Файл: C:\OSPanel\domains\ishop\vendor\ishop\core\Router.php | Строка: 38 
====================
[2019-04-21 11:33:17] Текст ошибки Страница не найдено! | Файл: C:\OSPanel\domains\ishop\vendor\ishop\core\Router.php | Строка: 38 
====================
[2019-04-21 11:33:17] Текст ошибки Страница не найдено! | Файл: C:\OSPanel\domains\ishop\vendor\ishop\core\Router.php | Строка: 38 
====================
[2019-04-21 11:33:17] Текст ошибки Страница не найдено! | Файл: C:\OSPanel\domains\ishop\vendor\ishop\core\Router.php | Строка: 38 
====================
[2019-04-21 11:33:17] Текст ошибки Страница не найдено! | Файл: C:\OSPanel\domains\ishop\vendor\ishop\core\Router.php | Строка: 38 
====================
[2019-04-21 11:33:17] Текст ошибки Страница не найдено! | Файл: C:\OSPanel\domains\ishop\vendor\ishop\core\Router.php | Строка: 38 
====================
[2019-04-21 11:33:17] Текст ошибки Страница не найдено! | Файл: C:\OSPanel\domains\ishop\vendor\ishop\core\Router.php | Строка: 38 
====================
[2019-04-21 11:33:17] Текст ошибки Страница не найдено! | Файл: C:\OSPanel\domains\ishop\vendor\ishop\core\Router.php | Строка: 38 
====================
[2019-04-21 11:33:17] Текст ошибки Страница не найдено! | Файл: C:\OSPanel\domains\ishop\vendor\ishop\core\Router.php | Строка: 38 
====================
[2019-04-21 11:33:17] Текст ошибки Страница не найдено! | Файл: C:\OSPanel\domains\ishop\vendor\ishop\core\Router.php | Строка: 38 
====================
[2019-04-21 11:33:17] Текст ошибки Страница не найдено! | Файл: C:\OSPanel\domains\ishop\vendor\ishop\core\Router.php | Строка: 38 
====================
[2019-04-21 11:33:17] Текст ошибки Страница не найдено! | Файл: C:\OSPanel\domains\ishop\vendor\ishop\core\Router.php | Строка: 38 
====================
[2019-04-21 11:33:17] Текст ошибки Страница не найдено! | Файл: C:\OSPanel\domains\ishop\vendor\ishop\core\Router.php | Строка: 38 
====================
[2019-04-21 11:33:17] Текст ошибки Страница не найдено! | Файл: C:\OSPanel\domains\ishop\vendor\ishop\core\Router.php | Строка: 38 
====================
[2019-04-21 11:33:17] Текст ошибки Страница не найдено! | Файл: C:\OSPanel\domains\ishop\vendor\ishop\core\Router.php | Строка: 38 
====================
[2019-04-21 11:33:17] Текст ошибки Страница не найдено! | Файл: C:\OSPanel\domains\ishop\vendor\ishop\core\Router.php | Строка: 38 
====================
[2019-04-21 11:33:17] Текст ошибки Страница не найдено! | Файл: C:\OSPanel\domains\ishop\vendor\ishop\core\Router.php | Строка: 38 
====================
[2019-04-21 11:33:17] Текст ошибки Страница не найдено! | Файл: C:\OSPanel\domains\ishop\vendor\ishop\core\Router.php | Строка: 38 
====================
[2019-04-21 11:33:17] Текст ошибки Страница не найдено! | Файл: C:\OSPanel\domains\ishop\vendor\ishop\core\Router.php | Строка: 38 
====================
[2019-04-21 11:33:17] Текст ошибки Страница не найдено! | Файл: C:\OSPanel\domains\ishop\vendor\ishop\core\Router.php | Строка: 38 
====================
[2019-04-21 11:33:17] Текст ошибки Страница не найдено! | Файл: C:\OSPanel\domains\ishop\vendor\ishop\core\Router.php | Строка: 38 
====================
[2019-04-21 11:43:15] Текст ошибки Страница не найдено! | Файл: C:\OSPanel\domains\ishop\vendor\ishop\core\Router.php | Строка: 38 
====================
[2019-04-21 11:43:19] Текст ошибки Страница не найдено! | Файл: C:\OSPanel\domains\ishop\vendor\ishop\core\Router.php | Строка: 38 
====================
[2019-04-21 12:05:31] Текст ошибки Страница не найдено! | Файл: C:\OSPanel\domains\ishop\vendor\ishop\core\Router.php | Строка: 38 
====================
[2019-04-22 12:51:51] Текст ошибки Страница не найдено! | Файл: C:\OSPanel\domains\ishop\vendor\ishop\core\Router.php | Строка: 38 
====================
[2019-04-22 12:51:52] Текст ошибки Страница не найдено! | Файл: C:\OSPanel\domains\ishop\vendor\ishop\core\Router.php | Строка: 38 
====================
[2019-04-22 13:00:54] Текст ошибки SQLSTATE[42S02]: Base table or view not found: 1146 Table 'ishop.products' doesn't exist | Файл: C:\OSPanel\domains\ishop\vendor\gabordemooij\redbean\RedBeanPHP\Driver\RPDO.php | Строка: 194 
====================
[2019-04-22 13:07:40] Текст ошибки Страница не найдено! | Файл: C:\OSPanel\domains\ishop\vendor\ishop\core\Router.php | Строка: 38 
====================
[2019-04-22 13:38:52] Текст ошибки Страница не найдено! | Файл: C:\OSPanel\domains\ishop\vendor\ishop\core\Router.php | Строка: 38 
====================
[2019-04-22 13:41:28] Текст ошибки Страница не найдено! | Файл: C:\OSPanel\domains\ishop\vendor\ishop\core\Router.php | Строка: 38 
====================
[2019-04-22 13:45:27] Текст ошибки Страница не найдено! | Файл: C:\OSPanel\domains\ishop\vendor\ishop\core\Router.php | Строка: 38 
====================
